{"level":"info","message":"Hello distributed log files!"}
{"message":"Hello again distributed logs","level":"info"}
{"level":"info","message":"Hello distributed log files!"}
{"message":"Hello again distributed logs","level":"info"}
{"level":"info","message":"Hello distributed log files!"}
{"message":"Hello again distributed logs","level":"info"}
{"message":"Hello again distributed again distributed again distributed again distributed again distributed logs","level":"info"}
{"message":"Hello again distributed again distributed again distributed again distributed again distributed logs","level":"info"}
{"message":"Hello again distributed again distributed again distributed again distributed again distributed logs","level":"info"}
{"message":"Hello again distributed again distributed again distributed again distributed again distributed logs","level":"info"}
{"message":"Hello again distributed again distributed again distributed again distributed again distributed logs","level":"info"}
{"message":"Started.","level":"info"}
{"message":"Started.","level":"info"}
{"message":"Started.","level":"info"}
{"message":"Started.","level":"info"}
{"message":"Started.","level":"info"}
{"message":"Started.","level":"info"}
{"message":"Started.","level":"info"}
{"message":"Started.","level":"info"}
{"message":"Started.","level":"info"}
{"message":"Started.","level":"info"}
{"message":"Started.","level":"info"}
{"message":"Started.","level":"info"}
{"message":"Started.","level":"info"}
{"message":"Started.","level":"info"}
{"message":"Started.","level":"info"}
{"message":"Started.","level":"info"}
{"message":"Started.","level":"info"}
{"message":"Started.","level":"info"}
{"message":"Started.","level":"info"}
{"message":"Started.","level":"info"}
{"message":"lol?","level":"info"}
{"message":"lol?","level":"info"}
{"message":"Started.","level":"info"}
{"message":"lol?","level":"info"}
{"message":"Started.","level":"info"}
{"message":"lol?","level":"info"}
{"message":"Started.","level":"info"}
{"message":"Started.","level":"info"}
{"message":"Started.","level":"info"}
{"message":"Started.","level":"info"}
{"message":"Started.","level":"info"}
{"message":"Started.","level":"info"}
{"message":"Started.","level":"info"}
{"message":"Started.","level":"info"}
{"message":"Auth?","level":"info"}
{"message":"Started.","level":"info"}
{"message":"Started.","level":"info"}
{"message":{"socket_id":"124122.2459817","channel_name":"presence-my-channel"},"level":"info"}
{"message":"Started.","level":"info"}
{"message":{"socket_id":"124118.2461552","channel_name":"presence-my-channel"},"level":"info"}
{"message":{"socket_id":"124121.2462500","channel_name":"presence-my-channel"},"level":"info"}
{"message":{"socket_id":"124110.2468915","channel_name":"presence-my-channel"},"level":"info"}
{"message":{"socket_id":"124112.2469405","channel_name":"presence-my-channel"},"level":"info"}
{"message":{"socket_id":"124112.2469470","channel_name":"presence-my-channel"},"level":"info"}
{"message":{"socket_id":"124111.2469623","channel_name":"presence-my-channel"},"level":"info"}
{"message":{"name":"channel","playerCount":"2"},"level":"info"}
{"message":{"socket_id":"124114.2460011","channel_name":"presence-my-channel"},"level":"info"}
{"message":{"socket_id":"124120.2467146","channel_name":"presence-my-channel"},"level":"info"}
{"message":{"name":"channel","playerCount":"2"},"level":"info"}
{"message":{"name":"channel","playerCount":"2"},"level":"info"}
{"message":"Started.","level":"info"}
{"message":{"socket_id":"124121.2468331","channel_name":"presence-my-channel"},"level":"info"}
{"message":"Started.","level":"info"}
{"message":{"undefined":{"joined":1}},"level":"info"}
{"message":{"undefined":{"joined":1}},"level":"info"}
{"message":{"undefined":{"joined":1}},"level":"info"}
{"message":{"undefined":{"joined":1}},"level":"info"}
{"message":{"undefined":{"joined":1}},"level":"info"}
{"message":{"undefined":{"joined":1}},"level":"info"}
{"message":{"undefined":{"joined":1}},"level":"info"}
{"message":{"undefined":{"joined":1}},"level":"info"}
{"message":{"undefined":{"joined":1}},"level":"info"}
{"message":{"undefined":{"joined":1}},"level":"info"}
{"message":{"undefined":{"joined":1}},"level":"info"}
{"message":{"socket_id":"124118.2468105","channel_name":"presence-my-channel"},"level":"info"}
{"message":{"undefined":{"joined":1}},"level":"info"}
{"message":{"undefined":{"joined":1}},"level":"info"}
{"message":{"undefined":{"joined":1}},"level":"info"}
{"message":{"undefined":{"joined":1}},"level":"info"}
{"message":"Started.","level":"info"}
{"message":{"socket_id":"124121.2469228","channel_name":"presence-my-channel"},"level":"info"}
{"message":"Started.","level":"info"}
{"message":"channel","level":"info"}
{"message":{"undefined":{"playerCount":"2","joined":1}},"level":"info"}
{"message":"Started.","level":"info"}
{"message":"channel","level":"info"}
{"message":{"channel":{"playerCount":"2","joined":1}},"level":"info"}
{"message":"channel","level":"info"}
{"message":{"channel":{"playerCount":"2","joined":1}},"level":"info"}
{"message":"Started.","level":"info"}
{"message":"channel","level":"info"}
{"message":{"channel":{"playerCount":"2","joined":1}},"level":"info"}
{"message":{"channel":{"playerCount":"2","joined":1}},"level":"info"}
{"message":{"channel":{"playerCount":"2","joined":1}},"level":"info"}
{"message":{"socket_id":"124115.2604252","channel_name":"presence-my-channel"},"level":"info"}
{"message":{"socket_id":"124115.2604503","channel_name":"presence-my-channel"},"level":"info"}
{"message":{"socket_id":"124115.2604531","channel_name":"presence-my-channel"},"level":"info"}
{"message":{"socket_id":"124115.2604639","channel_name":"presence-my-channel"},"level":"info"}
{"message":{"socket_id":"124117.2604408","channel_name":"presence-my-channel"},"level":"info"}
{"message":{"socket_id":"124115.2604859","channel_name":"presence-my-channel"},"level":"info"}
{"message":{"socket_id":"124116.2606301","channel_name":"presence-my-channel"},"level":"info"}
{"message":{"socket_id":"124115.2605180","channel_name":"presence-my-channel"},"level":"info"}
{"message":{"socket_id":"124116.2606486","channel_name":"presence-my-channel"},"level":"info"}
{"message":{"socket_id":"124116.2606510","channel_name":"presence-my-channel"},"level":"info"}
{"message":{"socket_id":"124116.2607476","channel_name":"presence-my-channel"},"level":"info"}
{"message":{"socket_id":"124111.2617956","channel_name":"presence-my-channel"},"level":"info"}
{"message":{"socket_id":"124113.2617410","channel_name":"presence-my-channel"},"level":"info"}
{"message":{"socket_id":"124115.2608493","channel_name":"presence-my-channel"},"level":"info"}
{"message":{"socket_id":"124115.2608607","channel_name":"presence-my-channel"},"level":"info"}
{"message":{"socket_id":"124114.2610233","channel_name":"presence-my-channel"},"level":"info"}
{"message":{"socket_id":"124116.2610328","channel_name":"presence-my-channel"},"level":"info"}
{"message":{"socket_id":"124117.2608890","channel_name":"presence-my-channel"},"level":"info"}
{"message":{"socket_id":"124124.2622661","channel_name":"presence-my-channel"},"level":"info"}
{"message":{"socket_id":"124124.2622747","channel_name":"presence-my-channel"},"level":"info"}
{"message":{"socket_id":"124122.2624430","channel_name":"presence-my-channel"},"level":"info"}
{"message":{"socket_id":"124124.2623217","channel_name":"presence-my-channel"},"level":"info"}
{"message":{"socket_id":"124112.2621669","channel_name":"presence-my-channel"},"level":"info"}
{"message":{"socket_id":"124112.2621759","channel_name":"presence-my-channel"},"level":"info"}
{"message":{"socket_id":"124110.2621610","channel_name":"presence-my-channel"},"level":"info"}
{"message":{"socket_id":"124111.2621949","channel_name":"presence-my-channel"},"level":"info"}
{"message":{"socket_id":"124113.2621413","channel_name":"presence-my-channel"},"level":"info"}
{"message":{"socket_id":"124118.2619238","channel_name":"presence-my-channel"},"level":"info"}
{"message":{"socket_id":"124113.2621650","channel_name":"presence-my-channel"},"level":"info"}
{"message":{"socket_id":"124111.2622830","channel_name":"presence-my-channel"},"level":"info"}
{"message":{"socket_id":"124110.2622624","channel_name":"presence-my-channel"},"level":"info"}
{"message":{"socket_id":"124111.2623182","channel_name":"presence-my-channel"},"level":"info"}
{"message":{"socket_id":"124112.2623100","channel_name":"presence-my-channel"},"level":"info"}
{"message":{"socket_id":"124110.2623068","channel_name":"presence-my-channel"},"level":"info"}
{"message":{"socket_id":"124112.2623489","channel_name":"presence-my-channel"},"level":"info"}
{"message":{"socket_id":"124113.2622539","channel_name":"presence-my-channel"},"level":"info"}
{"message":{"socket_id":"124112.2623604","channel_name":"presence-my-channel"},"level":"info"}
{"message":{"socket_id":"124113.2622714","channel_name":"presence-my-channel"},"level":"info"}
{"message":{"socket_id":"124112.2623867","channel_name":"presence-my-channel"},"level":"info"}
{"message":{"socket_id":"124113.2623161","channel_name":"presence-my-channel"},"level":"info"}
{"message":{"socket_id":"124112.2624223","channel_name":"presence-my-channel"},"level":"info"}
{"message":{"socket_id":"124112.2624333","channel_name":"presence-my-channel"},"level":"info"}
{"message":{"socket_id":"124113.2623550","channel_name":"presence-my-channel"},"level":"info"}
{"message":{"socket_id":"124112.2624562","channel_name":"presence-my-channel"},"level":"info"}
{"message":{"socket_id":"124112.2624619","channel_name":"presence-my-channel"},"level":"info"}
{"message":{"socket_id":"124111.2625102","channel_name":"presence-my-channel"},"level":"info"}
{"message":{"socket_id":"124113.2624172","channel_name":"presence-my-channel"},"level":"info"}
{"message":{"socket_id":"124113.2624693","channel_name":"presence-my-channel"},"level":"info"}
{"message":{"socket_id":"124113.2624704","channel_name":"presence-my-channel"},"level":"info"}
{"message":{"socket_id":"124113.2624775","channel_name":"presence-my-channel"},"level":"info"}
{"message":{"socket_id":"124112.2626938","channel_name":"presence-my-channel"},"level":"info"}
{"message":{"socket_id":"124113.2626009","channel_name":"presence-my-channel"},"level":"info"}
{"message":{"socket_id":"124113.2626182","channel_name":"presence-my-channel"},"level":"info"}
{"message":{"socket_id":"124111.2627289","channel_name":"presence-my-channel"},"level":"info"}
{"message":{"socket_id":"124123.2632513","channel_name":"presence-my-channel"},"level":"info"}
{"message":{"socket_id":"124125.2631599","channel_name":"presence-my-channel"},"level":"info"}
{"message":{"socket_id":"124125.2631862","channel_name":"presence-my-channel"},"level":"info"}
{"message":{"socket_id":"124124.2631582","channel_name":"presence-my-channel"},"level":"info"}
{"message":{"socket_id":"124123.2633057","channel_name":"presence-my-channel"},"level":"info"}
{"message":{"socket_id":"124125.2632459","channel_name":"presence-my-channel"},"level":"info"}
{"message":{"socket_id":"124125.2632532","channel_name":"presence-my-channel"},"level":"info"}
{"message":{"socket_id":"124122.2633859","channel_name":"presence-my-channel"},"level":"info"}
{"message":{"socket_id":"124125.2633078","channel_name":"presence-my-channel"},"level":"info"}
{"message":{"socket_id":"124125.2633155","channel_name":"presence-my-channel"},"level":"info"}
{"message":{"socket_id":"124123.2634298","channel_name":"presence-my-channel"},"level":"info"}
{"message":{"socket_id":"124121.2627822","channel_name":"presence-my-channel"},"level":"info"}
{"message":{"socket_id":"124121.2627897","channel_name":"presence-my-channel"},"level":"info"}
{"message":{"socket_id":"124118.2627162","channel_name":"presence-my-channel"},"level":"info"}
{"message":{"socket_id":"124118.2627360","channel_name":"presence-my-channel"},"level":"info"}
{"message":{"socket_id":"124117.2620613","channel_name":"presence-my-channel"},"level":"info"}
{"message":{"socket_id":"124116.2622365","channel_name":"presence-my-channel"},"level":"info"}
{"message":{"socket_id":"124115.2621420","channel_name":"presence-my-channel"},"level":"info"}
{"message":{"socket_id":"124114.2622757","channel_name":"presence-my-channel"},"level":"info"}
{"message":{"socket_id":"124116.2622827","channel_name":"presence-my-channel"},"level":"info"}
{"message":{"socket_id":"124117.2621396","channel_name":"presence-my-channel"},"level":"info"}
{"message":{"socket_id":"124114.2623011","channel_name":"presence-my-channel"},"level":"info"}
{"message":{"socket_id":"124114.2623169","channel_name":"presence-my-channel"},"level":"info"}
{"message":{"channel":{"playerCount":"2","joined":1}},"level":"info"}
{"message":{"socket_id":"124119.2632069","channel_name":"presence-my-channel"},"level":"info"}
{"message":{"socket_id":"124121.2632302","channel_name":"presence-my-channel"},"level":"info"}
{"message":{"channel":{"playerCount":"2","joined":1}},"level":"info"}
{"message":{"socket_id":"124120.2632098","channel_name":"presence-my-channel"},"level":"info"}
{"message":{"socket_id":"124119.2632770","channel_name":"presence-my-channel"},"level":"info"}
{"message":{"channel":{"playerCount":"2","joined":1}},"level":"info"}
{"message":{"socket_id":"124111.2634943","channel_name":"presence-my-channel"},"level":"info"}
{"message":{"socket_id":"124110.2634601","channel_name":"presence-my-channel"},"level":"info"}
{"message":{"channel":{"playerCount":"2","joined":1}},"level":"info"}
{"message":{"socket_id":"124111.2635545","channel_name":"presence-my-channel"},"level":"info"}
{"message":{"socket_id":"124112.2635422","channel_name":"presence-my-channel"},"level":"info"}
{"message":{"channel":{"playerCount":"2","joined":1}},"level":"info"}
{"message":{"socket_id":"124124.2639692","channel_name":"presence-my-channel"},"level":"info"}
{"message":{"socket_id":"124125.2640030","channel_name":"presence-my-channel"},"level":"info"}
{"message":{"channel":{"playerCount":"2","joined":1}},"level":"info"}
{"message":{"socket_id":"124123.2642024","channel_name":"presence-my-channel"},"level":"info"}
{"message":{"socket_id":"124125.2640957","channel_name":"presence-my-channel"},"level":"info"}
{"message":"asd","level":"info"}
{"message":{"channel":{"playerCount":"2","joined":1},"asd":{"playerCount":"2","joined":1}},"level":"info"}
{"message":{"channel":{"playerCount":"2","joined":1},"asd":{"playerCount":"2","joined":1}},"level":"info"}
{"message":{"socket_id":"124122.2642969","channel_name":"presence-my-channel"},"level":"info"}
{"message":{"socket_id":"124123.2643149","channel_name":"presence-my-channel"},"level":"info"}
{"message":{"channel":{"playerCount":"2","joined":1},"asd":{"playerCount":"2","joined":1}},"level":"info"}
{"message":{"socket_id":"124123.2643401","channel_name":"presence-my-channel"},"level":"info"}
{"message":{"socket_id":"124124.2642008","channel_name":"presence-my-channel"},"level":"info"}
{"message":{"channel":{"playerCount":"2","joined":1},"asd":{"playerCount":"2","joined":1}},"level":"info"}
{"message":{"socket_id":"124122.2643932","channel_name":"presence-my-channel"},"level":"info"}
{"message":{"socket_id":"124124.2642714","channel_name":"presence-my-channel"},"level":"info"}
{"message":{"channel":{"playerCount":"2","joined":1},"asd":{"playerCount":"2","joined":1}},"level":"info"}
{"message":{"socket_id":"124125.2643071","channel_name":"presence-my-channel"},"level":"info"}
{"message":{"socket_id":"124122.2643977","channel_name":"presence-my-channel"},"level":"info"}
{"message":{"channel":{"playerCount":"2","joined":1},"asd":{"playerCount":"2","joined":1}},"level":"info"}
{"message":{"socket_id":"124122.2644150","channel_name":"presence-my-channel"},"level":"info"}
{"message":{"socket_id":"124124.2642927","channel_name":"presence-my-channel"},"level":"info"}
{"message":{"channel":{"playerCount":"2","joined":1},"asd":{"playerCount":"2","joined":1}},"level":"info"}
{"message":{"socket_id":"124124.2643252","channel_name":"presence-my-channel"},"level":"info"}
{"message":{"socket_id":"124123.2644671","channel_name":"presence-my-channel"},"level":"info"}
{"message":{"channel":{"playerCount":"2","joined":1},"asd":{"playerCount":"2","joined":1}},"level":"info"}
{"message":{"socket_id":"124124.2643351","channel_name":"presence-my-channel"},"level":"info"}
{"message":{"socket_id":"124124.2643354","channel_name":"presence-my-channel"},"level":"info"}
{"message":{"channel":{"playerCount":"2","joined":1},"asd":{"playerCount":"2","joined":1}},"level":"info"}
{"message":{"socket_id":"124116.2630619","channel_name":"presence-my-channel"},"level":"info"}
{"message":{"socket_id":"124116.2630621","channel_name":"presence-my-channel"},"level":"info"}
{"message":{"channel":{"playerCount":"2","joined":1},"asd":{"playerCount":"2","joined":1}},"level":"info"}
{"message":{"socket_id":"124114.2630688","channel_name":"presence-my-channel"},"level":"info"}
{"message":{"socket_id":"124115.2629437","channel_name":"presence-my-channel"},"level":"info"}
{"message":{"channel":{"playerCount":"2","joined":1},"asd":{"playerCount":"2","joined":1}},"level":"info"}
{"message":{"socket_id":"124113.2639400","channel_name":"presence-my-channel"},"level":"info"}
{"message":{"socket_id":"124113.2639404","channel_name":"presence-my-channel"},"level":"info"}
{"message":{"channel":{"playerCount":"2","joined":1},"asd":{"playerCount":"2","joined":1}},"level":"info"}
{"message":"asdd","level":"info"}
{"message":{"channel":{"playerCount":"2","joined":1},"asd":{"playerCount":"2","joined":1},"asdd":{"playerCount":"3","joined":1}},"level":"info"}
{"message":{"channel":{"playerCount":"2","joined":1},"asd":{"playerCount":"2","joined":1},"asdd":{"playerCount":"3","joined":1}},"level":"info"}
{"message":{"socket_id":"124120.2639183","channel_name":"presence-my-channel"},"level":"info"}
{"message":{"socket_id":"124120.2639186","channel_name":"presence-my-channel"},"level":"info"}
{"message":{"channel":{"playerCount":"2","joined":1},"asd":{"playerCount":"2","joined":1},"asdd":{"playerCount":"3","joined":1}},"level":"info"}
{"message":{"socket_id":"124120.2639907","channel_name":"presence-my-channel"},"level":"info"}
{"message":{"socket_id":"124119.2640571","channel_name":"presence-my-channel"},"level":"info"}
{"message":{"channel":{"playerCount":"2","joined":1},"asd":{"playerCount":"2","joined":1},"asdd":{"playerCount":"3","joined":1}},"level":"info"}
{"message":{"socket_id":"124119.2640642","channel_name":"presence-my-channel"},"level":"info"}
{"message":{"socket_id":"124121.2640911","channel_name":"presence-my-channel"},"level":"info"}
{"message":{"channel":{"playerCount":"2","joined":1},"asd":{"playerCount":"2","joined":1},"asdd":{"playerCount":"3","joined":1}},"level":"info"}
{"message":{"socket_id":"124121.2641088","channel_name":"presence-my-channel"},"level":"info"}
{"message":{"socket_id":"124118.2640014","channel_name":"presence-my-channel"},"level":"info"}
{"message":{"channel":{"playerCount":"2","joined":1},"asd":{"playerCount":"2","joined":1},"asdd":{"playerCount":"3","joined":1}},"level":"info"}
{"message":{"socket_id":"124125.2648036","channel_name":"presence-my-channel"},"level":"info"}
{"message":{"socket_id":"124124.2647709","channel_name":"presence-my-channel"},"level":"info"}
{"message":{"channel":{"playerCount":"2","joined":1},"asd":{"playerCount":"2","joined":1},"asdd":{"playerCount":"3","joined":1}},"level":"info"}
{"message":{"socket_id":"124123.2649215","channel_name":"presence-my-channel"},"level":"info"}
{"message":{"socket_id":"124125.2648128","channel_name":"presence-my-channel"},"level":"info"}
{"message":{"channel":{"playerCount":"2","joined":1},"asd":{"playerCount":"2","joined":1},"asdd":{"playerCount":"3","joined":1}},"level":"info"}
{"message":{"socket_id":"124122.2649512","channel_name":"presence-my-channel"},"level":"info"}
{"message":{"socket_id":"124124.2648276","channel_name":"presence-my-channel"},"level":"info"}
{"message":{"channel":{"playerCount":"2","joined":1},"asd":{"playerCount":"2","joined":1},"asdd":{"playerCount":"3","joined":1}},"level":"info"}
{"message":{"socket_id":"124122.2649655","channel_name":"presence-my-channel"},"level":"info"}
{"message":{"socket_id":"124125.2648748","channel_name":"presence-my-channel"},"level":"info"}
{"message":"www","level":"info"}
{"message":{"channel":{"playerCount":"2","joined":1},"asd":{"playerCount":"2","joined":1},"asdd":{"playerCount":"3","joined":1},"www":{"playerCount":"3","joined":1}},"level":"info"}
{"message":"Started.","level":"info"}
{"message":"channel","level":"info"}
{"message":{"channel":{"playerCount":"2","joined":1}},"level":"info"}
{"message":{"socket_id":"124122.4940172","channel_name":"presence-my-channel"},"level":"info"}
{"message":{"socket_id":"124124.4939102","channel_name":"presence-my-channel"},"level":"info"}
{"message":{"channel":{"playerCount":"2","joined":1}},"level":"info"}
{"message":{"socket_id":"124110.4921391","channel_name":"presence-my-channel"},"level":"info"}
{"message":{"socket_id":"124113.4919810","channel_name":"presence-my-channel"},"level":"info"}
{"message":{"channel":{"playerCount":"2","joined":1}},"level":"info"}
{"message":{"socket_id":"124111.4922375","channel_name":"presence-my-channel"},"level":"info"}
{"message":{"socket_id":"124110.4921538","channel_name":"presence-my-channel"},"level":"info"}
{"message":{"channel":{"playerCount":"2","joined":1}},"level":"info"}
{"message":{"socket_id":"124112.4922635","channel_name":"presence-my-channel"},"level":"info"}
{"message":{"socket_id":"124110.4922026","channel_name":"presence-my-channel"},"level":"info"}
{"message":{"channel":{"playerCount":"2","joined":1}},"level":"info"}
{"message":{"socket_id":"124113.4920565","channel_name":"presence-my-channel"},"level":"info"}
{"message":{"socket_id":"124113.4920571","channel_name":"presence-my-channel"},"level":"info"}
{"message":{"channel":{"playerCount":"2","joined":1}},"level":"info"}
{"message":{"socket_id":"124111.4923187","channel_name":"presence-my-channel"},"level":"info"}
{"message":{"socket_id":"124111.4923191","channel_name":"presence-my-channel"},"level":"info"}
{"message":{"channel":{"playerCount":"2","joined":1}},"level":"info"}
{"message":{"socket_id":"124110.4922495","channel_name":"presence-my-channel"},"level":"info"}
{"message":{"socket_id":"124113.4920922","channel_name":"presence-my-channel"},"level":"info"}
{"message":{"channel":{"playerCount":"2","joined":1}},"level":"info"}
{"message":{"socket_id":"124115.4923097","channel_name":"presence-my-channel"},"level":"info"}
{"message":{"socket_id":"124117.4923100","channel_name":"presence-my-channel"},"level":"info"}
{"message":{"channel":{"playerCount":"2","joined":1}},"level":"info"}
{"message":{"socket_id":"124116.4926489","channel_name":"presence-my-channel"},"level":"info"}
{"message":{"socket_id":"124116.4926492","channel_name":"presence-my-channel"},"level":"info"}
{"message":{"channel":{"playerCount":"2","joined":1}},"level":"info"}
{"message":{"socket_id":"124114.4926438","channel_name":"presence-my-channel"},"level":"info"}
{"message":{"socket_id":"124117.4924044","channel_name":"presence-my-channel"},"level":"info"}
{"message":{"channel":{"playerCount":"2","joined":1}},"level":"info"}
{"message":{"socket_id":"124116.4926769","channel_name":"presence-my-channel"},"level":"info"}
{"message":{"socket_id":"124114.4926512","channel_name":"presence-my-channel"},"level":"info"}
{"message":{"channel":{"playerCount":"2","joined":1}},"level":"info"}
{"message":{"socket_id":"124115.4924201","channel_name":"presence-my-channel"},"level":"info"}
{"message":{"socket_id":"124114.4926586","channel_name":"presence-my-channel"},"level":"info"}
{"message":{"channel":{"playerCount":"2","joined":1}},"level":"info"}
{"message":{"socket_id":"124117.4924237","channel_name":"presence-my-channel"},"level":"info"}
{"message":{"socket_id":"124114.4926640","channel_name":"presence-my-channel"},"level":"info"}
{"message":{"channel":{"playerCount":"2","joined":1}},"level":"info"}
{"message":{"socket_id":"124116.4926959","channel_name":"presence-my-channel"},"level":"info"}
{"message":{"socket_id":"124116.4926961","channel_name":"presence-my-channel"},"level":"info"}
{"message":{"channel":{"playerCount":"2","joined":1}},"level":"info"}
{"message":{"socket_id":"124116.4927048","channel_name":"presence-my-channel"},"level":"info"}
{"message":{"socket_id":"124116.4927052","channel_name":"presence-my-channel"},"level":"info"}
{"message":{"channel":{"playerCount":"2","joined":1}},"level":"info"}
{"message":{"socket_id":"124115.4924476","channel_name":"presence-my-channel"},"level":"info"}
{"message":{"socket_id":"124115.4924481","channel_name":"presence-my-channel"},"level":"info"}
{"message":"Started.","level":"info"}
{"message":"channel","level":"info"}
{"message":{"channel":{"playerCount":"2","joined":1}},"level":"info"}
{"message":{"socket_id":"124119.4945889","channel_name":"presence-my-channel"},"level":"info"}
{"message":{"socket_id":"124119.4945894","channel_name":"presence-my-channel"},"level":"info"}
{"message":{"channel":{"playerCount":"2","joined":1}},"level":"info"}
{"message":{"socket_id":"124118.4945416","channel_name":"presence-my-channel"},"level":"info"}
{"message":{"socket_id":"124119.4946443","channel_name":"presence-my-channel"},"level":"info"}
{"message":{"channel":{"playerCount":"2","joined":1}},"level":"info"}
{"message":{"socket_id":"124113.4935086","channel_name":"presence-my-channel"},"level":"info"}
{"message":{"socket_id":"124112.4937273","channel_name":"presence-my-channel"},"level":"info"}
{"message":"Started.","level":"info"}
{"message":"channel","level":"info"}
{"message":{"channel":{"playerCount":"2","joined":1}},"level":"info"}
{"message":{"socket_id":"124114.4940874","channel_name":"presence-my-channel"},"level":"info"}
{"message":{"socket_id":"124117.4938464","channel_name":"presence-my-channel"},"level":"info"}
{"message":"Started.","level":"info"}
{"message":"channel","level":"info"}
{"message":{"channel":{"playerCount":"2","joined":1}},"level":"info"}
{"message":{"socket_id":"124116.4941934","channel_name":"presence-my-channel"},"level":"info"}
{"message":{"socket_id":"124116.4941937","channel_name":"presence-my-channel"},"level":"info"}
{"message":{"channel":{"playerCount":"2","joined":1}},"level":"info"}
{"message":{"socket_id":"124116.4942461","channel_name":"presence-my-channel"},"level":"info"}
{"message":{"socket_id":"124114.4942169","channel_name":"presence-my-channel"},"level":"info"}
{"message":{"channel":{"playerCount":"2","joined":1}},"level":"info"}
{"message":{"socket_id":"124115.4939927","channel_name":"presence-my-channel"},"level":"info"}
{"message":{"socket_id":"124115.4939930","channel_name":"presence-my-channel"},"level":"info"}
{"message":{"channel":{"playerCount":"2","joined":1}},"level":"info"}
{"message":{"socket_id":"124117.4939999","channel_name":"presence-my-channel"},"level":"info"}
{"message":{"socket_id":"124117.4940005","channel_name":"presence-my-channel"},"level":"info"}
{"message":"Started.","level":"info"}
{"message":"channel","level":"info"}
{"message":{"channel":{"playerCount":"2","joined":1}},"level":"info"}
{"message":{"socket_id":"124117.4940156","channel_name":"presence-my-channel"},"level":"info"}
{"message":{"socket_id":"124114.4942553","channel_name":"presence-my-channel"},"level":"info"}
{"message":{"channel":{"playerCount":"2","joined":1}},"level":"info"}
{"message":{"socket_id":"124115.4940192","channel_name":"presence-my-channel"},"level":"info"}
{"message":{"socket_id":"124117.4940185","channel_name":"presence-my-channel"},"level":"info"}
{"message":{"channel":{"playerCount":"2","joined":1}},"level":"info"}
{"message":{"socket_id":"124116.4942980","channel_name":"presence-my-channel"},"level":"info"}
{"message":{"socket_id":"124114.4942685","channel_name":"presence-my-channel"},"level":"info"}
{"message":{"channel":{"playerCount":"2","joined":1}},"level":"info"}
{"message":{"socket_id":"124114.4943811","channel_name":"presence-my-channel"},"level":"info"}
{"message":{"socket_id":"124116.4944124","channel_name":"presence-my-channel"},"level":"info"}
{"message":{"channel":{"playerCount":"2","joined":1}},"level":"info"}
{"message":{"socket_id":"124116.4944178","channel_name":"presence-my-channel"},"level":"info"}
{"message":{"socket_id":"124117.4941487","channel_name":"presence-my-channel"},"level":"info"}
{"message":{"channel":{"playerCount":"2","joined":1}},"level":"info"}
{"message":{"socket_id":"124116.4945512","channel_name":"presence-my-channel"},"level":"info"}
{"message":{"socket_id":"124115.4942835","channel_name":"presence-my-channel"},"level":"info"}
{"message":{"channel":{"playerCount":"2","joined":1}},"level":"info"}
{"message":{"socket_id":"124115.4943101","channel_name":"presence-my-channel"},"level":"info"}
{"message":{"socket_id":"124117.4943097","channel_name":"presence-my-channel"},"level":"info"}
{"message":{"channel":{"playerCount":"2","joined":1}},"level":"info"}
{"message":{"socket_id":"124114.4945896","channel_name":"presence-my-channel"},"level":"info"}
{"message":{"socket_id":"124114.4945901","channel_name":"presence-my-channel"},"level":"info"}
{"message":{"channel":{"playerCount":"2","joined":1}},"level":"info"}
{"message":{"socket_id":"124112.4944929","channel_name":"presence-my-channel"},"level":"info"}
{"message":{"socket_id":"124113.4942757","channel_name":"presence-my-channel"},"level":"info"}
{"message":{"channel":{"playerCount":"2","joined":1}},"level":"info"}
{"message":{"socket_id":"124111.4945353","channel_name":"presence-my-channel"},"level":"info"}
{"message":{"socket_id":"124112.4945100","channel_name":"presence-my-channel"},"level":"info"}
{"message":{"channel":{"playerCount":"2","joined":1}},"level":"info"}
{"message":{"socket_id":"124123.4968702","channel_name":"presence-my-channel"},"level":"info"}
{"message":{"socket_id":"124123.4968706","channel_name":"presence-my-channel"},"level":"info"}
{"message":{"channel":{"playerCount":"2","joined":1}},"level":"info"}
{"message":{"socket_id":"124114.4950788","channel_name":"presence-my-channel"},"level":"info"}
{"message":{"socket_id":"124114.4950791","channel_name":"presence-my-channel"},"level":"info"}
{"message":{"channel":{"playerCount":"2","joined":1}},"level":"info"}
{"message":{"socket_id":"124120.4958738","channel_name":"presence-my-channel"},"level":"info"}
{"message":{"socket_id":"124121.4960305","channel_name":"presence-my-channel"},"level":"info"}
{"message":{"channel":{"playerCount":"2","joined":1}},"level":"info"}
{"message":{"socket_id":"124118.4958833","channel_name":"presence-my-channel"},"level":"info"}
{"message":{"socket_id":"124121.4960418","channel_name":"presence-my-channel"},"level":"info"}
{"message":{"channel":{"playerCount":"2","joined":1}},"level":"info"}
{"message":{"socket_id":"124118.4958989","channel_name":"presence-my-channel"},"level":"info"}
{"message":{"socket_id":"124121.4960578","channel_name":"presence-my-channel"},"level":"info"}
{"message":{"channel":{"playerCount":"2","joined":1}},"level":"info"}
{"message":{"socket_id":"124119.4960503","channel_name":"presence-my-channel"},"level":"info"}
{"message":{"socket_id":"124121.4961037","channel_name":"presence-my-channel"},"level":"info"}
{"message":{"channel":{"playerCount":"2","joined":1}},"level":"info"}
{"message":{"channel":{"playerCount":"2","joined":1}},"level":"info"}
{"message":{"socket_id":"124120.4959719","channel_name":"presence-my-channel"},"level":"info"}
{"message":{"socket_id":"124120.4959724","channel_name":"presence-my-channel"},"level":"info"}
{"message":{"channel":{"playerCount":"2","joined":1}},"level":"info"}
{"message":{"socket_id":"124117.4952036","channel_name":"presence-my-channel"},"level":"info"}
{"message":{"socket_id":"124114.4954427","channel_name":"presence-my-channel"},"level":"info"}
{"message":{"channel":{"playerCount":"2","joined":1}},"level":"info"}
{"message":{"socket_id":"124116.4955047","channel_name":"presence-my-channel"},"level":"info"}
{"message":{"socket_id":"124117.4952346","channel_name":"presence-my-channel"},"level":"info"}
{"message":{"channel":{"playerCount":"2","joined":1}},"level":"info"}
{"message":{"socket_id":"124117.4952596","channel_name":"presence-my-channel"},"level":"info"}
{"message":{"socket_id":"124114.4954987","channel_name":"presence-my-channel"},"level":"info"}
{"message":{"channel":{"playerCount":"2","joined":1}},"level":"info"}
{"message":{"socket_id":"124125.4973294","channel_name":"presence-my-channel"},"level":"info"}
{"message":{"socket_id":"124125.4973297","channel_name":"presence-my-channel"},"level":"info"}
{"message":{"channel":{"playerCount":"2","joined":1}},"level":"info"}
{"message":{"socket_id":"124125.4973394","channel_name":"presence-my-channel"},"level":"info"}
{"message":{"socket_id":"124122.4973594","channel_name":"presence-my-channel"},"level":"info"}
{"message":{"channel":{"playerCount":"2","joined":1}},"level":"info"}
{"message":{"socket_id":"124123.4974728","channel_name":"presence-my-channel"},"level":"info"}
{"message":{"socket_id":"124125.4974100","channel_name":"presence-my-channel"},"level":"info"}
{"message":{"channel":{"playerCount":"2","joined":1}},"level":"info"}
{"message":{"socket_id":"124117.4954182","channel_name":"presence-my-channel"},"level":"info"}
{"message":{"socket_id":"124117.4954184","channel_name":"presence-my-channel"},"level":"info"}
{"message":{"channel":{"playerCount":"2","joined":1}},"level":"info"}
{"message":{"socket_id":"124115.4954500","channel_name":"presence-my-channel"},"level":"info"}
{"message":{"socket_id":"124115.4954504","channel_name":"presence-my-channel"},"level":"info"}
{"message":{"channel":{"playerCount":"2","joined":1}},"level":"info"}
{"message":{"socket_id":"124120.4963724","channel_name":"presence-my-channel"},"level":"info"}
{"message":{"socket_id":"124119.4964784","channel_name":"presence-my-channel"},"level":"info"}
{"message":{"channel":{"playerCount":"2","joined":1}},"level":"info"}
{"message":{"socket_id":"124120.4963846","channel_name":"presence-my-channel"},"level":"info"}
{"message":{"socket_id":"124118.4963822","channel_name":"presence-my-channel"},"level":"info"}
{"message":{"channel":{"playerCount":"2","joined":1}},"level":"info"}
{"message":{"socket_id":"124120.4963991","channel_name":"presence-my-channel"},"level":"info"}
{"message":{"socket_id":"124119.4965052","channel_name":"presence-my-channel"},"level":"info"}
{"message":{"channel":{"playerCount":"2","joined":1}},"level":"info"}
{"message":{"socket_id":"124118.4964254","channel_name":"presence-my-channel"},"level":"info"}
{"message":{"socket_id":"124120.4964280","channel_name":"presence-my-channel"},"level":"info"}
{"message":{"channel":{"playerCount":"2","joined":1}},"level":"info"}
{"message":{"socket_id":"124123.4977837","channel_name":"presence-my-channel"},"level":"info"}
{"message":{"socket_id":"124123.4977840","channel_name":"presence-my-channel"},"level":"info"}
{"message":{"channel":{"playerCount":"2","joined":1}},"level":"info"}
{"message":{"socket_id":"124116.4960511","channel_name":"presence-my-channel"},"level":"info"}
{"message":{"socket_id":"124116.4960514","channel_name":"presence-my-channel"},"level":"info"}
{"message":{"channel":{"playerCount":"2","joined":1}},"level":"info"}
{"message":{"socket_id":"124115.4958872","channel_name":"presence-my-channel"},"level":"info"}
{"message":{"socket_id":"124115.4958875","channel_name":"presence-my-channel"},"level":"info"}
{"message":{"channel":{"playerCount":"2","joined":1}},"level":"info"}
{"message":{"socket_id":"124120.4968245","channel_name":"presence-my-channel"},"level":"info"}
{"message":{"socket_id":"124121.4969813","channel_name":"presence-my-channel"},"level":"info"}
{"message":{"channel":{"playerCount":"2","joined":1}},"level":"info"}
{"message":{"socket_id":"124119.4969404","channel_name":"presence-my-channel"},"level":"info"}
{"message":{"socket_id":"124120.4968352","channel_name":"presence-my-channel"},"level":"info"}
{"message":{"channel":{"playerCount":"2","joined":1}},"level":"info"}
{"message":{"socket_id":"124119.4969548","channel_name":"presence-my-channel"},"level":"info"}
{"message":{"channel":{"playerCount":"2","joined":1}},"level":"info"}
{"message":{"socket_id":"124119.4969556","channel_name":"presence-my-channel"},"level":"info"}
{"message":{"socket_id":"124118.4968455","channel_name":"presence-my-channel"},"level":"info"}
{"message":{"channel":{"playerCount":"2","joined":1}},"level":"info"}
{"message":{"socket_id":"124113.4958016","channel_name":"presence-my-channel"},"level":"info"}
{"message":{"socket_id":"124110.4959608","channel_name":"presence-my-channel"},"level":"info"}
{"message":{"channel":{"playerCount":"2","joined":1}},"level":"info"}
{"message":{"socket_id":"124110.4959679","channel_name":"presence-my-channel"},"level":"info"}
{"message":{"socket_id":"124110.4959684","channel_name":"presence-my-channel"},"level":"info"}
{"message":{"channel":{"playerCount":"2","joined":1}},"level":"info"}
{"message":{"socket_id":"124112.4960279","channel_name":"presence-my-channel"},"level":"info"}
{"message":{"socket_id":"124113.4958101","channel_name":"presence-my-channel"},"level":"info"}
{"message":{"channel":{"playerCount":"2","joined":1}},"level":"info"}
{"message":{"socket_id":"124111.4960614","channel_name":"presence-my-channel"},"level":"info"}
{"message":{"channel":{"playerCount":"2","joined":1}},"level":"info"}
{"message":{"socket_id":"124112.4960373","channel_name":"presence-my-channel"},"level":"info"}
{"message":{"socket_id":"124112.4960375","channel_name":"presence-my-channel"},"level":"info"}
{"message":{"channel":{"playerCount":"2","joined":1}},"level":"info"}
{"message":{"socket_id":"124111.4961004","channel_name":"presence-my-channel"},"level":"info"}
{"message":{"channel":{"playerCount":"2","joined":1}},"level":"info"}
{"message":{"socket_id":"124110.4960201","channel_name":"presence-my-channel"},"level":"info"}
{"message":{"socket_id":"124110.4960207","channel_name":"presence-my-channel"},"level":"info"}
{"message":{"channel":{"playerCount":"2","joined":1}},"level":"info"}
{"message":{"socket_id":"124113.4958656","channel_name":"presence-my-channel"},"level":"info"}
{"message":{"socket_id":"124113.4958661","channel_name":"presence-my-channel"},"level":"info"}
{"message":{"channel":{"playerCount":"2","joined":1}},"level":"info"}
{"message":{"socket_id":"124112.4961364","channel_name":"presence-my-channel"},"level":"info"}
{"message":{"channel":{"playerCount":"2","joined":1}},"level":"info"}
{"message":{"socket_id":"124111.4961619","channel_name":"presence-my-channel"},"level":"info"}
{"message":{"socket_id":"124113.4959190","channel_name":"presence-my-channel"},"level":"info"}
{"message":{"channel":{"playerCount":"2","joined":1}},"level":"info"}
{"message":{"socket_id":"124110.4960916","channel_name":"presence-my-channel"},"level":"info"}
{"message":{"socket_id":"124113.4959319","channel_name":"presence-my-channel"},"level":"info"}
{"message":{"channel":{"playerCount":"2","joined":1}},"level":"info"}
{"message":{"socket_id":"124112.4961583","channel_name":"presence-my-channel"},"level":"info"}
{"message":{"socket_id":"124112.4961587","channel_name":"presence-my-channel"},"level":"info"}
{"message":{"channel":{"playerCount":"2","joined":1}},"level":"info"}
{"message":{"socket_id":"124111.4961918","channel_name":"presence-my-channel"},"level":"info"}
{"message":{"socket_id":"124113.4959487","channel_name":"presence-my-channel"},"level":"info"}
{"message":{"channel":{"playerCount":"2","joined":1}},"level":"info"}
{"message":{"socket_id":"124114.4965869","channel_name":"presence-my-channel"},"level":"info"}
{"message":{"socket_id":"124114.4965873","channel_name":"presence-my-channel"},"level":"info"}
{"message":{"channel":{"playerCount":"2","joined":1}},"level":"info"}
{"message":{"socket_id":"124116.4966383","channel_name":"presence-my-channel"},"level":"info"}
{"message":{"socket_id":"124114.4966017","channel_name":"presence-my-channel"},"level":"info"}
{"message":{"channel":{"playerCount":"2","joined":1}},"level":"info"}
{"message":{"socket_id":"124115.4963635","channel_name":"presence-my-channel"},"level":"info"}
{"message":{"socket_id":"124116.4966397","channel_name":"presence-my-channel"},"level":"info"}
{"message":{"channel":{"playerCount":"2","joined":1}},"level":"info"}
{"message":{"socket_id":"124115.4963662","channel_name":"presence-my-channel"},"level":"info"}
{"message":{"socket_id":"124116.4966423","channel_name":"presence-my-channel"},"level":"info"}
{"message":{"channel":{"playerCount":"2","joined":1}},"level":"info"}
{"message":{"socket_id":"124117.4963679","channel_name":"presence-my-channel"},"level":"info"}
{"message":{"socket_id":"124116.4966454","channel_name":"presence-my-channel"},"level":"info"}
{"message":{"channel":{"playerCount":"2","joined":1}},"level":"info"}
{"message":{"socket_id":"124114.4966446","channel_name":"presence-my-channel"},"level":"info"}
{"message":{"socket_id":"124116.4966813","channel_name":"presence-my-channel"},"level":"info"}
{"message":{"channel":{"playerCount":"2","joined":1}},"level":"info"}
{"message":{"channel":{"playerCount":"2","joined":1}},"level":"info"}
{"message":{"socket_id":"124119.4973911","channel_name":"presence-my-channel"},"level":"info"}
{"message":{"socket_id":"124121.4974443","channel_name":"presence-my-channel"},"level":"info"}
{"message":{"channel":{"playerCount":"2","joined":1}},"level":"info"}
{"message":{"socket_id":"124119.4974563","channel_name":"presence-my-channel"},"level":"info"}
{"message":{"socket_id":"124119.4974569","channel_name":"presence-my-channel"},"level":"info"}
{"message":{"channel":{"playerCount":"2","joined":1}},"level":"info"}
{"message":{"socket_id":"124112.4967478","channel_name":"presence-my-channel"},"level":"info"}
{"message":{"socket_id":"124111.4967726","channel_name":"presence-my-channel"},"level":"info"}
{"message":{"channel":{"playerCount":"2","joined":1}},"level":"info"}
{"message":{"socket_id":"124110.4967080","channel_name":"presence-my-channel"},"level":"info"}
{"message":{"socket_id":"124110.4967084","channel_name":"presence-my-channel"},"level":"info"}
{"message":{"channel":{"playerCount":"2","joined":1}},"level":"info"}
{"message":{"socket_id":"124110.4967385","channel_name":"presence-my-channel"},"level":"info"}
{"message":{"socket_id":"124112.4967980","channel_name":"presence-my-channel"},"level":"info"}
{"message":{"channel":{"playerCount":"2","joined":1}},"level":"info"}
{"message":{"socket_id":"124110.4967601","channel_name":"presence-my-channel"},"level":"info"}
{"message":{"socket_id":"124112.4968196","channel_name":"presence-my-channel"},"level":"info"}
{"message":{"channel":{"playerCount":"2","joined":1}},"level":"info"}
{"message":{"socket_id":"124111.4968518","channel_name":"presence-my-channel"},"level":"info"}
{"message":{"socket_id":"124111.4968521","channel_name":"presence-my-channel"},"level":"info"}
{"message":"","level":"info"}
{"message":{"channel":{"playerCount":"2","joined":1},"":{"playerCount":"","joined":1}},"level":"info"}
{"message":{"channel":{"playerCount":"2","joined":1},"":{"playerCount":"","joined":1}},"level":"info"}
{"message":{"socket_id":"124120.4980030","channel_name":"presence-my-channel"},"level":"info"}
{"message":{"socket_id":"124118.4979995","channel_name":"presence-my-channel"},"level":"info"}
{"message":{"channel":{"playerCount":"2","joined":1},"":{"playerCount":"","joined":1}},"level":"info"}
{"message":{"socket_id":"124111.4973079","channel_name":"presence-my-channel"},"level":"info"}
{"message":{"socket_id":"124112.4972813","channel_name":"presence-my-channel"},"level":"info"}
{"message":{"channel":{"playerCount":"2","joined":1},"":{"playerCount":"","joined":1}},"level":"info"}
{"message":{"socket_id":"124111.4973288","channel_name":"presence-my-channel"},"level":"info"}
{"message":{"socket_id":"124112.4973020","channel_name":"presence-my-channel"},"level":"info"}
{"message":{"channel":{"playerCount":"2","joined":1},"":{"playerCount":"","joined":1}},"level":"info"}
{"message":{"socket_id":"124113.4971429","channel_name":"presence-my-channel"},"level":"info"}
{"message":{"socket_id":"124113.4971434","channel_name":"presence-my-channel"},"level":"info"}
{"message":{"channel":{"playerCount":"2","joined":1},"":{"playerCount":"","joined":1}},"level":"info"}
{"message":{"socket_id":"124113.4972179","channel_name":"presence-my-channel"},"level":"info"}
{"message":{"socket_id":"124111.4974639","channel_name":"presence-my-channel"},"level":"info"}
{"message":{"channel":{"playerCount":"2","joined":1},"":{"playerCount":"","joined":1}},"level":"info"}
{"message":{"socket_id":"124110.4974505","channel_name":"presence-my-channel"},"level":"info"}
{"message":{"socket_id":"124110.4974507","channel_name":"presence-my-channel"},"level":"info"}
{"message":{"channel":{"playerCount":"2","joined":1},"":{"playerCount":"","joined":1}},"level":"info"}
{"message":{"socket_id":"124123.4998294","channel_name":"presence-my-channel"},"level":"info"}
{"message":{"socket_id":"124125.4997687","channel_name":"presence-my-channel"},"level":"info"}
{"message":{"channel":{"playerCount":"2","joined":1},"":{"playerCount":"","joined":1}},"level":"info"}
{"message":{"channel":{"playerCount":"2","joined":1},"":{"playerCount":"","joined":1}},"level":"info"}
{"message":{"channel":{"playerCount":"2","joined":1},"":{"playerCount":"","joined":1}},"level":"info"}
{"message":{"socket_id":"124125.4997960","channel_name":"presence-my-channel"},"level":"info"}
{"message":{"socket_id":"124122.4998151","channel_name":"presence-my-channel"},"level":"info"}
{"message":{"channel":{"playerCount":"2","joined":1},"":{"playerCount":"","joined":1}},"level":"info"}
{"message":{"socket_id":"124122.4998592","channel_name":"presence-my-channel"},"level":"info"}
{"message":{"socket_id":"124125.4998412","channel_name":"presence-my-channel"},"level":"info"}
{"message":{"channel":{"playerCount":"2","joined":1},"":{"playerCount":"","joined":1}},"level":"info"}
{"message":{"socket_id":"124116.4981251","channel_name":"presence-my-channel"},"level":"info"}
{"message":{"socket_id":"124116.4981255","channel_name":"presence-my-channel"},"level":"info"}
{"message":"asd","level":"info"}
{"message":{"channel":{"playerCount":"2","joined":1},"":{"playerCount":"","joined":1},"asd":{"playerCount":"2","joined":1}},"level":"info"}
{"message":{"channel":{"playerCount":"2","joined":1},"":{"playerCount":"","joined":1},"asd":{"playerCount":"2","joined":1}},"level":"info"}
{"message":{"socket_id":"124124.5000289","channel_name":"presence-my-channel"},"level":"info"}
{"message":{"channel":{"playerCount":"2","joined":1},"":{"playerCount":"","joined":1},"asd":{"playerCount":"2","joined":1}},"level":"info"}
{"message":{"socket_id":"124124.5000732","channel_name":"presence-my-channel"},"level":"info"}
{"message":{"channel":{"playerCount":"2","joined":1},"":{"playerCount":"","joined":1},"asd":{"playerCount":"2","joined":1}},"level":"info"}
{"message":{"socket_id":"124123.5003744","channel_name":"presence-my-channel"},"level":"info"}
{"message":"asdww","level":"info"}
{"message":{"channel":{"playerCount":"2","joined":1},"":{"playerCount":"","joined":1},"asd":{"playerCount":"2","joined":1},"asdww":{"playerCount":"3","joined":1}},"level":"info"}
{"message":{"socket_id":"124119.4992776","channel_name":"presence-my-channel"},"level":"info"}
{"message":{"socket_id":"124124.5005746","channel_name":"presence-my-channel"},"level":"info"}
{"message":"Started.","level":"info"}
{"message":{"socket_id":"124123.5009038","channel_name":"presence-my-channel"},"level":"info"}
{"message":{"socket_id":"124124.5007632","channel_name":"presence-my-channel"},"level":"info"}
{"message":"asdd","level":"info"}
{"message":{"asdd":{"playerCount":"2","joined":1}},"level":"info"}
{"message":{"socket_id":"124125.5008712","channel_name":"presence-my-channel"},"level":"info"}
{"message":"Started.","level":"info"}
{"message":{},"level":"info"}
{"message":{"socket_id":"124120.4997651","channel_name":"presence-my-channel"},"level":"info"}
{"message":{},"level":"info"}
{"message":{"socket_id":"124121.4999816","channel_name":"presence-my-channel"},"level":"info"}
{"message":"asd","level":"info"}
{"message":{"asd":{"playerCount":"2","joined":1}},"level":"info"}
{"message":{"asd":{"playerCount":"2","joined":1}},"level":"info"}
{"message":{"socket_id":"124121.4999932","channel_name":"presence-my-channel"},"level":"info"}
{"message":"Started.","level":"info"}
{"message":{},"level":"info"}
{"message":{"socket_id":"124122.5306698","channel_name":"presence-my-channel"},"level":"info"}
{"message":{"socket_id":"124120.5301091","channel_name":"presence-my-channel"},"level":"info"}
{"message":{},"level":"info"}
{"message":{"socket_id":"124119.5303076","channel_name":"presence-my-channel"},"level":"info"}
{"message":"asd","level":"info"}
{"message":{"asd":{"playerCount":"2","joined":1}},"level":"info"}
{"message":{"socket_id":"124118.5310899","channel_name":"presence-my-channel"},"level":"info"}
{"message":{"socket_id":"124120.5311334","channel_name":"presence-my-channel"},"level":"info"}
{"message":"Started.","level":"info"}
{"message":{},"level":"info"}
{"message":{"socket_id":"124119.5312498","channel_name":"presence-my-channel"},"level":"info"}
{"message":"Started.","level":"info"}
{"message":{},"level":"info"}
{"message":{"socket_id":"124123.5328469","channel_name":"presence-my-channel"},"level":"info"}
{"message":"asd","level":"info"}
{"message":{"asd":{"name":"asd","playerCount":"2","joined":1}},"level":"info"}
{"message":{"asd":{"name":"asd","playerCount":"2","joined":1}},"level":"info"}
{"message":{"socket_id":"124161.1810","channel_name":"presence-my-channel"},"level":"info"}
{"message":{"asd":{"name":"asd","playerCount":"2","joined":1}},"level":"info"}
{"message":{"socket_id":"124163.2199","channel_name":"presence-my-channel"},"level":"info"}
{"message":{"asd":{"name":"asd","playerCount":"2","joined":1}},"level":"info"}
{"message":{"socket_id":"124174.1928","channel_name":"presence-my-channel"},"level":"info"}
{"message":{"asd":{"name":"asd","playerCount":"2","joined":1}},"level":"info"}
{"message":{"socket_id":"124175.2764","channel_name":"presence-my-channel"},"level":"info"}
{"message":{"asd":{"name":"asd","playerCount":"2","joined":1}},"level":"info"}
{"message":{"socket_id":"124175.3819","channel_name":"presence-my-channel"},"level":"info"}
{"message":{"asd":{"name":"asd","playerCount":"2","joined":1}},"level":"info"}
{"message":{"socket_id":"124173.4304","channel_name":"presence-my-channel"},"level":"info"}
{"message":{"asd":{"name":"asd","playerCount":"2","joined":1}},"level":"info"}
{"message":{"socket_id":"124168.5573","channel_name":"presence-my-channel"},"level":"info"}
{"message":{"asd":{"name":"asd","playerCount":"2","joined":1}},"level":"info"}
{"message":{"socket_id":"124169.7444","channel_name":"presence-my-channel"},"level":"info"}
{"message":{"asd":{"name":"asd","playerCount":"2","joined":1}},"level":"info"}
{"message":{"socket_id":"124171.9261","channel_name":"presence-my-channel"},"level":"info"}
{"message":{"asd":{"name":"asd","playerCount":"2","joined":1}},"level":"info"}
{"message":{"socket_id":"124171.9720","channel_name":"presence-my-channel"},"level":"info"}
{"message":{"asd":{"name":"asd","playerCount":"2","joined":1}},"level":"info"}
{"message":{"socket_id":"124169.10309","channel_name":"presence-my-channel"},"level":"info"}
{"message":{"asd":{"name":"asd","playerCount":"2","joined":1}},"level":"info"}
{"message":{"socket_id":"124167.10929","channel_name":"presence-my-channel"},"level":"info"}
{"message":{"asd":{"name":"asd","playerCount":"2","joined":1}},"level":"info"}
{"message":{"socket_id":"124167.11140","channel_name":"presence-my-channel"},"level":"info"}
{"message":{"asd":{"name":"asd","playerCount":"2","joined":1}},"level":"info"}
{"message":{"socket_id":"124166.11524","channel_name":"presence-my-channel"},"level":"info"}
{"message":{"asd":{"name":"asd","playerCount":"2","joined":1}},"level":"info"}
{"message":{"socket_id":"124175.12221","channel_name":"presence-my-channel"},"level":"info"}
{"message":{"asd":{"name":"asd","playerCount":"2","joined":1}},"level":"info"}
{"message":{"socket_id":"124175.12688","channel_name":"presence-my-channel"},"level":"info"}
{"message":{"asd":{"name":"asd","playerCount":"2","joined":1}},"level":"info"}
{"message":{"socket_id":"124175.13016","channel_name":"presence-my-channel"},"level":"info"}
{"message":{"asd":{"name":"asd","playerCount":"2","joined":1}},"level":"info"}
{"message":{"socket_id":"124174.13326","channel_name":"presence-my-channel"},"level":"info"}
{"message":{"asd":{"name":"asd","playerCount":"2","joined":1}},"level":"info"}
{"message":{"socket_id":"124164.15360","channel_name":"presence-my-channel"},"level":"info"}
{"message":{"asd":{"name":"asd","playerCount":"2","joined":1}},"level":"info"}
{"message":{"socket_id":"124167.15760","channel_name":"presence-my-channel"},"level":"info"}
{"message":{"asd":{"name":"asd","playerCount":"2","joined":1}},"level":"info"}
{"message":{"socket_id":"124167.16145","channel_name":"presence-my-channel"},"level":"info"}
{"message":{"asd":{"name":"asd","playerCount":"2","joined":1}},"level":"info"}
{"message":{"socket_id":"124172.17036","channel_name":"presence-my-channel"},"level":"info"}
{"message":{"asd":{"name":"asd","playerCount":"2","joined":1}},"level":"info"}
{"message":{"socket_id":"124174.17778","channel_name":"presence-my-channel"},"level":"info"}
{"message":{"asd":{"name":"asd","playerCount":"2","joined":1}},"level":"info"}
{"message":{"socket_id":"124173.20734","channel_name":"presence-my-channel"},"level":"info"}
{"message":{"asd":{"name":"asd","playerCount":"2","joined":1}},"level":"info"}
{"message":{"socket_id":"124172.21146","channel_name":"presence-my-channel"},"level":"info"}
{"message":{"asd":{"name":"asd","playerCount":"2","joined":1}},"level":"info"}
{"message":{"socket_id":"124175.21981","channel_name":"presence-my-channel"},"level":"info"}
{"message":{"asd":{"name":"asd","playerCount":"2","joined":1}},"level":"info"}
{"message":{"socket_id":"124172.22781","channel_name":"presence-my-channel"},"level":"info"}
{"message":{"asd":{"name":"asd","playerCount":"2","joined":1}},"level":"info"}
{"message":{"socket_id":"124173.23226","channel_name":"presence-my-channel"},"level":"info"}
{"message":{"asd":{"name":"asd","playerCount":"2","joined":1}},"level":"info"}
{"message":{"socket_id":"124160.26611","channel_name":"presence-my-channel"},"level":"info"}
{"message":{"asd":{"name":"asd","playerCount":"2","joined":1}},"level":"info"}
{"message":{"socket_id":"124160.27384","channel_name":"presence-my-channel"},"level":"info"}
{"message":{"asd":{"name":"asd","playerCount":"2","joined":1}},"level":"info"}
{"message":{"socket_id":"124166.27414","channel_name":"presence-my-channel"},"level":"info"}
{"message":{"asd":{"name":"asd","playerCount":"2","joined":1}},"level":"info"}
{"message":{"socket_id":"124165.27728","channel_name":"presence-my-channel"},"level":"info"}
{"message":{"asd":{"name":"asd","playerCount":"2","joined":1}},"level":"info"}
{"message":{"socket_id":"124165.27958","channel_name":"presence-my-channel"},"level":"info"}
{"message":{"asd":{"name":"asd","playerCount":"2","joined":1}},"level":"info"}
{"message":{"socket_id":"124165.28193","channel_name":"presence-my-channel"},"level":"info"}
{"message":{"asd":{"name":"asd","playerCount":"2","joined":1}},"level":"info"}
{"message":{"socket_id":"124175.28381","channel_name":"presence-my-channel"},"level":"info"}
{"message":{"asd":{"name":"asd","playerCount":"2","joined":1}},"level":"info"}
{"message":{"socket_id":"124172.28678","channel_name":"presence-my-channel"},"level":"info"}
{"message":{"asd":{"name":"asd","playerCount":"2","joined":1}},"level":"info"}
{"message":{"socket_id":"124175.28921","channel_name":"presence-my-channel"},"level":"info"}
{"message":{"asd":{"name":"asd","playerCount":"2","joined":1}},"level":"info"}
{"message":{"socket_id":"124175.29556","channel_name":"presence-my-channel"},"level":"info"}
{"message":{"asd":{"name":"asd","playerCount":"2","joined":1}},"level":"info"}
{"message":{"socket_id":"124173.29907","channel_name":"presence-my-channel"},"level":"info"}
{"message":{"asd":{"name":"asd","playerCount":"2","joined":1}},"level":"info"}
{"message":{"socket_id":"124174.30288","channel_name":"presence-my-channel"},"level":"info"}
{"message":{"asd":{"name":"asd","playerCount":"2","joined":1}},"level":"info"}
{"message":{"socket_id":"124169.30801","channel_name":"presence-my-channel"},"level":"info"}
{"message":{"asd":{"name":"asd","playerCount":"2","joined":1}},"level":"info"}
{"message":{"socket_id":"124168.31327","channel_name":"presence-my-channel"},"level":"info"}
{"message":{"asd":{"name":"asd","playerCount":"2","joined":1}},"level":"info"}
{"message":{"socket_id":"124171.31355","channel_name":"presence-my-channel"},"level":"info"}
{"message":{"asd":{"name":"asd","playerCount":"2","joined":1}},"level":"info"}
{"message":{"socket_id":"124171.36000","channel_name":"presence-my-channel"},"level":"info"}
{"message":{"socket_id":"124171.36218","channel_name":"presence-my-channel"},"level":"info"}
{"message":{"asd":{"name":"asd","playerCount":"2","joined":1}},"level":"info"}
{"message":{"socket_id":"124170.36691","channel_name":"presence-my-channel"},"level":"info"}
{"message":{"asd":{"name":"asd","playerCount":"2","joined":1}},"level":"info"}
{"message":{"socket_id":"124160.39594","channel_name":"presence-my-channel"},"level":"info"}
{"message":{"asd":{"name":"asd","playerCount":"2","joined":1}},"level":"info"}
{"message":{"socket_id":"124163.40335","channel_name":"presence-my-channel"},"level":"info"}
{"message":{"asd":{"name":"asd","playerCount":"2","joined":1}},"level":"info"}
{"message":{"socket_id":"124161.40932","channel_name":"presence-my-channel"},"level":"info"}
{"message":{"asd":{"name":"asd","playerCount":"2","joined":1}},"level":"info"}
{"message":{"socket_id":"124163.41562","channel_name":"presence-my-channel"},"level":"info"}
{"message":{"asd":{"name":"asd","playerCount":"2","joined":1}},"level":"info"}
{"message":{"socket_id":"124162.41766","channel_name":"presence-my-channel"},"level":"info"}
{"message":{"asd":{"name":"asd","playerCount":"2","joined":1}},"level":"info"}
{"message":{"socket_id":"124168.40391","channel_name":"presence-my-channel"},"level":"info"}
{"message":{"asd":{"name":"asd","playerCount":"2","joined":1}},"level":"info"}
{"message":{"socket_id":"124169.40543","channel_name":"presence-my-channel"},"level":"info"}
{"message":{"asd":{"name":"asd","playerCount":"2","joined":1}},"level":"info"}
{"message":{"socket_id":"124171.40745","channel_name":"presence-my-channel"},"level":"info"}
{"message":{"asd":{"name":"asd","playerCount":"2","joined":1}},"level":"info"}
{"message":{"socket_id":"124166.44185","channel_name":"presence-my-channel"},"level":"info"}
{"message":{"asd":{"name":"asd","playerCount":"2","joined":1}},"level":"info"}
{"message":{"socket_id":"124173.44820","channel_name":"presence-my-channel"},"level":"info"}
{"message":{"asd":{"name":"asd","playerCount":"2","joined":1}},"level":"info"}
{"message":{"socket_id":"124175.45275","channel_name":"presence-my-channel"},"level":"info"}
{"message":{"asd":{"name":"asd","playerCount":"2","joined":1}},"level":"info"}
{"message":{"socket_id":"124164.49182","channel_name":"presence-my-channel"},"level":"info"}
{"message":{"asd":{"name":"asd","playerCount":"2","joined":1}},"level":"info"}
{"message":{"socket_id":"124165.51835","channel_name":"presence-my-channel"},"level":"info"}
{"message":{"asd":{"name":"asd","playerCount":"2","joined":1}},"level":"info"}
{"message":{"socket_id":"124164.52500","channel_name":"presence-my-channel"},"level":"info"}
{"message":{"asd":{"name":"asd","playerCount":"2","joined":1}},"level":"info"}
{"message":{"socket_id":"124163.54929","channel_name":"presence-my-channel"},"level":"info"}
{"message":{"asd":{"name":"asd","playerCount":"2","joined":1}},"level":"info"}
{"message":{"socket_id":"124160.55556","channel_name":"presence-my-channel"},"level":"info"}
{"message":{"asd":{"name":"asd","playerCount":"2","joined":1}},"level":"info"}
{"message":{"socket_id":"124162.55867","channel_name":"presence-my-channel"},"level":"info"}
{"message":{"asd":{"name":"asd","playerCount":"2","joined":1}},"level":"info"}
{"message":{"socket_id":"124163.57544","channel_name":"presence-my-channel"},"level":"info"}
{"message":{"asd":{"name":"asd","playerCount":"2","joined":1}},"level":"info"}
{"message":{"socket_id":"124163.57707","channel_name":"presence-my-channel"},"level":"info"}
{"message":{"asd":{"name":"asd","playerCount":"2","joined":1}},"level":"info"}
{"message":{"socket_id":"124161.57987","channel_name":"presence-my-channel"},"level":"info"}
{"message":{"asd":{"name":"asd","playerCount":"2","joined":1}},"level":"info"}
{"message":{"socket_id":"124163.57972","channel_name":"presence-my-channel"},"level":"info"}
{"message":{"asd":{"name":"asd","playerCount":"2","joined":1}},"level":"info"}
{"message":{"socket_id":"124168.58322","channel_name":"presence-my-channel"},"level":"info"}
{"message":"Started.","level":"info"}
{"message":{},"level":"info"}
{"message":{"socket_id":"124167.68097","channel_name":"presence-my-channel"},"level":"info"}
{"message":"asd","level":"info"}
{"message":{"asd":{"name":"asd","playerCount":"2","joined":1}},"level":"info"}
{"message":{"asd":{"name":"asd","playerCount":"2","joined":1}},"level":"info"}
{"message":"Started.","level":"info"}
{"message":{},"level":"info"}
{"message":{"socket_id":"124165.68646","channel_name":"presence-my-channel"},"level":"info"}
{"message":"asd","level":"info"}
{"message":{"asd":{"name":"asd","playerCount":"2","joined":1}},"level":"info"}
{"message":{"asd":{"name":"asd","playerCount":"2","joined":1}},"level":"info"}
{"message":"Started.","level":"info"}
{"message":{},"level":"info"}
{"message":{"socket_id":"124165.69133","channel_name":"presence-my-channel"},"level":"info"}
{"message":"asd","level":"info"}
{"message":{"asd":{"name":"asd","playerCount":"2","joined":1}},"level":"info"}
{"message":{"asd":{"name":"asd","playerCount":"2","joined":2}},"level":"info"}
{"message":{"asd":{"name":"asd","playerCount":"2","joined":2}},"level":"info"}
{"message":{"socket_id":"124171.78294","channel_name":"presence-my-channel"},"level":"info"}
{"message":"aa","level":"info"}
{"message":{"asd":{"name":"asd","playerCount":"2","joined":2},"aa":{"name":"aa","playerCount":"2","joined":1}},"level":"info"}
{"message":{"asd":{"name":"asd","playerCount":"2","joined":2},"aa":{"name":"aa","playerCount":"2","joined":2}},"level":"info"}
{"message":{"asd":{"name":"asd","playerCount":"2","joined":2},"aa":{"name":"aa","playerCount":"2","joined":2}},"level":"info"}
{"message":{"socket_id":"124171.79106","channel_name":"presence-my-channel"},"level":"info"}
{"message":{"asd":{"name":"asd","playerCount":"2","joined":2},"aa":{"name":"aa","playerCount":"2","joined":2}},"level":"info"}
{"message":{"socket_id":"124171.79365","channel_name":"presence-my-channel"},"level":"info"}
{"message":{"asd":{"name":"asd","playerCount":"2","joined":2},"aa":{"name":"aa","playerCount":"2","joined":2}},"level":"info"}
{"message":{"socket_id":"124174.79467","channel_name":"presence-my-channel"},"level":"info"}
{"message":{"asd":{"name":"asd","playerCount":"2","joined":2},"aa":{"name":"aa","playerCount":"2","joined":2}},"level":"info"}
{"message":{"socket_id":"124173.79745","channel_name":"presence-my-channel"},"level":"info"}
{"message":{"asd":{"name":"asd","playerCount":"2","joined":2},"aa":{"name":"aa","playerCount":"2","joined":2}},"level":"info"}
{"message":{"socket_id":"124175.79946","channel_name":"presence-my-channel"},"level":"info"}
{"message":{"asd":{"name":"asd","playerCount":"2","joined":2},"aa":{"name":"aa","playerCount":"2","joined":2}},"level":"info"}
{"message":{"socket_id":"124173.84293","channel_name":"presence-my-channel"},"level":"info"}
{"message":{"asd":{"name":"asd","playerCount":"2","joined":2},"aa":{"name":"aa","playerCount":"2","joined":2}},"level":"info"}
{"message":{"socket_id":"124164.87370","channel_name":"presence-my-channel"},"level":"info"}
{"message":{"asd":{"name":"asd","playerCount":"2","joined":2},"aa":{"name":"aa","playerCount":"2","joined":2}},"level":"info"}
{"message":{"socket_id":"124165.87957","channel_name":"presence-my-channel"},"level":"info"}
{"message":{"asd":{"name":"asd","playerCount":"2","joined":2},"aa":{"name":"aa","playerCount":"2","joined":2}},"level":"info"}
{"message":{"socket_id":"124161.108857","channel_name":"presence-my-channel"},"level":"info"}
{"message":{"asd":{"name":"asd","playerCount":"2","joined":2},"aa":{"name":"aa","playerCount":"2","joined":2}},"level":"info"}
{"message":{"socket_id":"124160.109566","channel_name":"presence-my-channel"},"level":"info"}
{"message":{"asd":{"name":"asd","playerCount":"2","joined":2},"aa":{"name":"aa","playerCount":"2","joined":2}},"level":"info"}
{"message":{"socket_id":"124170.107934","channel_name":"presence-my-channel"},"level":"info"}
{"message":{"asd":{"name":"asd","playerCount":"2","joined":2},"aa":{"name":"aa","playerCount":"2","joined":2}},"level":"info"}
{"message":{"socket_id":"124161.120092","channel_name":"presence-my-channel"},"level":"info"}
{"message":{"asd":{"name":"asd","playerCount":"2","joined":2},"aa":{"name":"aa","playerCount":"2","joined":2}},"level":"info"}
{"message":{"socket_id":"124163.120315","channel_name":"presence-my-channel"},"level":"info"}
{"message":{"asd":{"name":"asd","playerCount":"2","joined":2},"aa":{"name":"aa","playerCount":"2","joined":2}},"level":"info"}
{"message":{"socket_id":"124161.121482","channel_name":"presence-my-channel"},"level":"info"}
{"message":{"asd":{"name":"asd","playerCount":"2","joined":2},"aa":{"name":"aa","playerCount":"2","joined":2}},"level":"info"}
{"message":{"socket_id":"124162.121485","channel_name":"presence-my-channel"},"level":"info"}
{"message":{"asd":{"name":"asd","playerCount":"2","joined":2},"aa":{"name":"aa","playerCount":"2","joined":2}},"level":"info"}
{"message":{"socket_id":"124160.123118","channel_name":"presence-my-channel"},"level":"info"}
{"message":{"asd":{"name":"asd","playerCount":"2","joined":2},"aa":{"name":"aa","playerCount":"2","joined":2}},"level":"info"}
{"message":{"socket_id":"124163.123340","channel_name":"presence-my-channel"},"level":"info"}
{"message":{"asd":{"name":"asd","playerCount":"2","joined":2},"aa":{"name":"aa","playerCount":"2","joined":2}},"level":"info"}
{"message":{"socket_id":"124174.121422","channel_name":"presence-my-channel"},"level":"info"}
{"message":{"asd":{"name":"asd","playerCount":"2","joined":2},"aa":{"name":"aa","playerCount":"2","joined":2}},"level":"info"}
{"message":{"socket_id":"124161.126093","channel_name":"presence-my-channel"},"level":"info"}
{"message":"Started.","level":"info"}
{"message":{},"level":"info"}
{"message":{"socket_id":"124161.126384","channel_name":"presence-my-channel"},"level":"info"}
{"message":"asd","level":"info"}
{"message":{"asd":{"name":"asd","playerCount":"2","joined":1}},"level":"info"}
{"message":{"asd":{"name":"asd","playerCount":"2","joined":1}},"level":"info"}
{"message":{"socket_id":"124174.124603","channel_name":"presence-my-channel"},"level":"info"}
{"message":"aaaa","level":"info"}
{"message":{"asd":{"name":"asd","playerCount":"2","joined":1},"aaaa":{"name":"aaaa","playerCount":"2","joined":1}},"level":"info"}
{"message":{"socket_id":"124173.124540","channel_name":"presence-aaaa"},"level":"info"}
{"message":{"asd":{"name":"asd","playerCount":"2","joined":1},"aaaa":{"name":"aaaa","playerCount":"2","joined":1}},"level":"info"}
{"message":{"socket_id":"124166.128179","channel_name":"presence-my-channel"},"level":"info"}
{"message":"aaadd","level":"info"}
{"message":{"asd":{"name":"asd","playerCount":"2","joined":1},"aaaa":{"name":"aaaa","playerCount":"2","joined":1},"aaadd":{"name":"aaadd","playerCount":"3","joined":1}},"level":"info"}
{"message":{"socket_id":"124164.128300","channel_name":"presence-aaadd"},"level":"info"}
{"message":{"asd":{"name":"asd","playerCount":"2","joined":1},"aaaa":{"name":"aaaa","playerCount":"2","joined":1},"aaadd":{"name":"aaadd","playerCount":"3","joined":1}},"level":"info"}
{"message":{"socket_id":"124165.128607","channel_name":"presence-my-channel"},"level":"info"}
{"message":"Started.","level":"info"}
{"message":{},"level":"info"}
{"message":{"socket_id":"124167.130838","channel_name":"presence-my-channel"},"level":"info"}
{"message":"asd","level":"info"}
{"message":{"asd":{"name":"asd","playerCount":"1","joined":1}},"level":"info"}
{"message":{"socket_id":"124167.130840","channel_name":"presence-asd"},"level":"info"}
{"message":{"asd":{"name":"asd","playerCount":"1","joined":1}},"level":"info"}
{"message":{"socket_id":"124166.131334","channel_name":"presence-my-channel"},"level":"info"}
{"message":{"asd":{"name":"asd","playerCount":"1","joined":1}},"level":"info"}
{"message":"asda","level":"info"}
{"message":{"asd":{"name":"asd","playerCount":"1","joined":1},"asda":{"name":"asda","playerCount":"4","joined":1}},"level":"info"}
{"message":{"socket_id":"124167.130840","channel_name":"presence-asda"},"level":"info"}
{"message":{"asd":{"name":"asd","playerCount":"1","joined":1},"asda":{"name":"asda","playerCount":"4","joined":1}},"level":"info"}
{"message":{"socket_id":"124166.132318","channel_name":"presence-my-channel"},"level":"info"}
{"message":"aaaaa","level":"info"}
{"message":{"asd":{"name":"asd","playerCount":"1","joined":1},"asda":{"name":"asda","playerCount":"4","joined":1},"aaaaa":{"name":"aaaaa","playerCount":"3","joined":1}},"level":"info"}
{"message":{"socket_id":"124166.132322","channel_name":"presence-aaaaa"},"level":"info"}
{"message":"aaaaad","level":"info"}
{"message":{"asd":{"name":"asd","playerCount":"1","joined":1},"asda":{"name":"asda","playerCount":"4","joined":1},"aaaaa":{"name":"aaaaa","playerCount":"3","joined":1},"aaaaad":{"name":"aaaaad","playerCount":"3","joined":1}},"level":"info"}
{"message":{"socket_id":"124166.132322","channel_name":"presence-aaaaad"},"level":"info"}
{"message":"Started.","level":"info"}
{"message":{},"level":"info"}
{"message":{"socket_id":"124163.136696","channel_name":"presence-my-channel"},"level":"info"}
{"message":{},"level":"info"}
{"message":{"socket_id":"124161.136938","channel_name":"presence-my-channel"},"level":"info"}
{"message":"asd","level":"info"}
{"message":{"asd":{"name":"asd","playerCount":"2","joined":1}},"level":"info"}
{"message":{"socket_id":"124161.136921","channel_name":"presence-asd"},"level":"info"}
{"message":{"asd":{"name":"asd","playerCount":"2","joined":2}},"level":"info"}
{"message":{"socket_id":"124162.136773","channel_name":"presence-asd"},"level":"info"}
{"message":"Started.","level":"info"}
{"message":{},"level":"info"}
{"message":{"socket_id":"124164.629751","channel_name":"presence-my-channel"},"level":"info"}
{"message":{},"level":"info"}
{"message":{"socket_id":"124165.630788","channel_name":"presence-my-channel"},"level":"info"}
{"message":{},"level":"info"}
{"message":{"socket_id":"124164.630765","channel_name":"presence-my-channel"},"level":"info"}
{"message":{},"level":"info"}
{"message":{"socket_id":"124166.630950","channel_name":"presence-my-channel"},"level":"info"}
{"message":{},"level":"info"}
{"message":{"socket_id":"124173.636473","channel_name":"presence-my-channel"},"level":"info"}
{"message":"Started.","level":"info"}
{"message":{},"level":"info"}
{"message":{"socket_id":"124172.648727","channel_name":"presence-my-channel"},"level":"info"}
{"message":{"asda":"asda"},"level":"info"}
{"message":"Started.","level":"info"}
{"message":{},"level":"info"}
{"message":{},"level":"info"}
{"message":{"socket_id":"124175.649209","channel_name":"presence-my-channel"},"level":"info"}
{"message":{"asd":"asd"},"level":"info"}
{"message":{},"level":"info"}
{"message":{"socket_id":"124164.648029","channel_name":"presence-my-channel"},"level":"info"}
{"message":{"asd":"asd","aaa":"aaa"},"level":"info"}
{"message":{"socket_id":"124167.648196","channel_name":"presence-my-channel"},"level":"info"}
{"message":{"asd":"asd","aaa":"aaa","aaaww":"aaaww"},"level":"info"}
{"message":{"socket_id":"124165.649016","channel_name":"presence-my-channel"},"level":"info"}
{"message":{"asd":"asd","aaa":"aaa","aaaww":"aaaww","aaawwa":"aaawwa"},"level":"info"}
{"message":{},"level":"info"}
{"message":{"socket_id":"124168.652725","channel_name":"presence-my-channel"},"level":"info"}
{"message":{"asd":"asd","aaa":"aaa","aaaww":"aaaww","aaawwa":"aaawwa","w":"w"},"level":"info"}
{"message":{"socket_id":"124169.653493","channel_name":"presence-my-channel"},"level":"info"}
{"message":{"asd":"asd","aaa":"aaa","aaaww":"aaaww","aaawwa":"aaawwa","w":"w"},"level":"info"}
{"message":{"asd":"asd","aaa":"aaa","aaaww":"aaaww","aaawwa":"aaawwa","w":"w"},"level":"info"}
{"message":{"asd":"asd","aaa":"aaa","aaaww":"aaaww","aaawwa":"aaawwa","w":"w"},"level":"info"}
{"message":{},"level":"info"}
{"message":{"socket_id":"124174.652478","channel_name":"presence-my-channel"},"level":"info"}
{"message":{"asd":"asd","aaa":"aaa","aaaww":"aaaww","aaawwa":"aaawwa","w":"w"},"level":"info"}
{"message":{"asd":"asd","aaa":"aaa","aaaww":"aaaww","aaawwa":"aaawwa","w":"w"},"level":"info"}
{"message":{"asd":"asd","aaa":"aaa","aaaww":"aaaww","aaawwa":"aaawwa","w":"w"},"level":"info"}
{"message":{},"level":"info"}
{"message":{"socket_id":"124174.652791","channel_name":"presence-my-channel"},"level":"info"}
{"message":{"asd":"asd","aaa":"aaa","aaaww":"aaaww","aaawwa":"aaawwa","w":"w"},"level":"info"}
{"message":{"asd":"asd","aaa":"aaa","aaaww":"aaaww","aaawwa":"aaawwa","w":"w"},"level":"info"}
{"message":{"asd":"asd","aaa":"aaa","aaaww":"aaaww","aaawwa":"aaawwa","w":"w"},"level":"info"}
{"message":{"asd":"asd","aaa":"aaa","aaaww":"aaaww","aaawwa":"aaawwa","w":"w"},"level":"info"}
{"message":{"asd":"asd","aaa":"aaa","aaaww":"aaaww","aaawwa":"aaawwa","w":"w"},"level":"info"}
{"message":{"asd":"asd","aaa":"aaa","aaaww":"aaaww","aaawwa":"aaawwa","w":"w"},"level":"info"}
{"message":{"asd":"asd","aaa":"aaa","aaaww":"aaaww","aaawwa":"aaawwa","w":"w"},"level":"info"}
{"message":{},"level":"info"}
{"message":{"socket_id":"124172.656318","channel_name":"presence-my-channel"},"level":"info"}
{"message":{"asd":"asd","aaa":"aaa","aaaww":"aaaww","aaawwa":"aaawwa","w":"w","aw":"aw"},"level":"info"}
{"message":{"asd":"asd","aaa":"aaa","aaaww":"aaaww","aaawwa":"aaawwa","w":"w"},"level":"info"}
{"message":{"asd":"asd","aaa":"aaa","aaaww":"aaaww","aaawwa":"aaawwa","w":"w"},"level":"info"}
{"message":"Started.","level":"info"}
{"message":{},"level":"info"}
{"message":{},"level":"info"}
{"message":{},"level":"info"}
{"message":{},"level":"info"}
{"message":{},"level":"info"}
{"message":{},"level":"info"}
{"message":{},"level":"info"}
{"message":{},"level":"info"}
{"message":{},"level":"info"}
{"message":{},"level":"info"}
{"message":{},"level":"info"}
{"message":{},"level":"info"}
{"message":"Started.","level":"info"}
{"message":{},"level":"info"}
{"message":{"a":"a"},"level":"info"}
{"message":{},"level":"info"}
{"message":{},"level":"info"}
{"message":{},"level":"info"}
{"message":{},"level":"info"}
{"message":{},"level":"info"}
{"message":{},"level":"info"}
{"message":{},"level":"info"}
{"message":{},"level":"info"}
{"message":{},"level":"info"}
{"message":{},"level":"info"}
{"message":{},"level":"info"}
{"message":{},"level":"info"}
{"message":{},"level":"info"}
{"message":{},"level":"info"}
{"message":{},"level":"info"}
{"message":{},"level":"info"}
{"message":{},"level":"info"}
{"message":{},"level":"info"}
{"message":{},"level":"info"}
{"message":{},"level":"info"}
{"message":{},"level":"info"}
{"message":{},"level":"info"}
{"message":{},"level":"info"}
{"message":{},"level":"info"}
{"message":{},"level":"info"}
{"message":{},"level":"info"}
{"message":{},"level":"info"}
{"message":{},"level":"info"}
{"message":{},"level":"info"}
{"message":{},"level":"info"}
{"message":{},"level":"info"}
{"message":{},"level":"info"}
{"message":{},"level":"info"}
{"message":{},"level":"info"}
{"message":{},"level":"info"}
{"message":{},"level":"info"}
{"message":{},"level":"info"}
{"message":{},"level":"info"}
{"message":{},"level":"info"}
{"message":{},"level":"info"}
{"message":{},"level":"info"}
{"message":{},"level":"info"}
{"message":{},"level":"info"}
{"message":{},"level":"info"}
{"message":{},"level":"info"}
{"message":{},"level":"info"}
{"message":{},"level":"info"}
{"message":{},"level":"info"}
{"message":{},"level":"info"}
{"message":{},"level":"info"}
{"message":{},"level":"info"}
{"message":{},"level":"info"}
{"message":{},"level":"info"}
{"message":{},"level":"info"}
{"message":{},"level":"info"}
{"message":{},"level":"info"}
{"message":{},"level":"info"}
{"message":{},"level":"info"}
{"message":{},"level":"info"}
{"message":{},"level":"info"}
{"message":{},"level":"info"}
{"message":{},"level":"info"}
{"message":{},"level":"info"}
{"message":"Started.","level":"info"}
{"message":{},"level":"info"}
{"message":{},"level":"info"}
{"message":{},"level":"info"}
{"message":{},"level":"info"}
{"message":{},"level":"info"}
{"message":{},"level":"info"}
{"message":{},"level":"info"}
{"message":{},"level":"info"}
{"message":{},"level":"info"}
{"message":{},"level":"info"}
{"message":{},"level":"info"}
{"message":{},"level":"info"}
{"message":{},"level":"info"}
{"message":{},"level":"info"}
{"message":{},"level":"info"}
{"message":{},"level":"info"}
{"message":{},"level":"info"}
{"message":{},"level":"info"}
{"message":{},"level":"info"}
{"message":{},"level":"info"}
{"message":{},"level":"info"}
{"message":{},"level":"info"}
{"message":{},"level":"info"}
{"message":"Started.","level":"info"}
{"message":{},"level":"info"}
